<?xml version="1.0" encoding="UTF-8"?>
<!-- Generated by org.testng.reporters.JUnitReportReporter -->
<testsuite hostname="Kangsoft-PC" name="com.everbridge.member.appium.login.LoginTest" tests="1" failures="0" timestamp="28 May 2014 09:14:47 GMT" time="62.817" errors="0">
  <testcase name="loginFor1stTime" time="62.817" classname="com.everbridge.member.appium.login.LoginTest"/>
</testsuite> <!-- com.everbridge.member.appium.login.LoginTest -->
