<?xml version="1.0" encoding="UTF-8"?>
<!-- Generated by org.testng.reporters.JUnitReportReporter -->
<testsuite hostname="Kangsoft-PC" name="com.everbridge.member.appium.msglist.CreateUnsolicitedMsgTest" tests="1" failures="0" timestamp="28 May 2014 06:50:12 GMT" time="56.616" errors="0">
  <testcase name="sendUnsolictedMsgWithOneMember" time="56.616" classname="com.everbridge.member.appium.msglist.CreateUnsolicitedMsgTest"/>
</testsuite> <!-- com.everbridge.member.appium.msglist.CreateUnsolicitedMsgTest -->
