<?xml version="1.0" encoding="UTF-8"?>
<!-- Generated by org.testng.reporters.JUnitReportReporter -->
<testsuite hostname="Kangsoft-PC" name="com.everbridge.member.testcase.login.LoginTest" tests="1" failures="0" timestamp="3 Jun 2014 06:34:40 GMT" time="69.011" errors="0">
  <testcase name="loginFor1stTime" time="69.011" classname="com.everbridge.member.testcase.login.LoginTest"/>
</testsuite> <!-- com.everbridge.member.testcase.login.LoginTest -->
