<?xml version="1.0" encoding="UTF-8"?>
<!-- Generated by org.testng.reporters.JUnitReportReporter -->
<testsuite hostname="Kangsoft-PC" name="com.everbridge.member.appium.msglist.CheckMenu" tests="1" failures="0" timestamp="21 May 2014 05:45:30 GMT" time="14.603" errors="0">
  <testcase name="openMenuAndCheck" time="14.603" classname="com.everbridge.member.appium.msglist.CheckMenu"/>
</testsuite> <!-- com.everbridge.member.appium.msglist.CheckMenu -->
